
IP: ::1
Date: 2023-06-28 21:29:37
Url: ok
Task execution time: 0.00034403800964355
Execution time all process: 0.00059103965759277
--------------------------------------
IP: ::1
Date: 2023-06-28 21:29:38
Url: ok
Task execution time: 0.00025391578674316
Execution time all process: 0.00061893463134766
--------------------------------------
IP: ::1
Date: 2023-06-28 21:29:40
Url: ok
Task execution time: 0.00021004676818848
Execution time all process: 0.00047111511230469
--------------------------------------
IP: ::1
Date: 2023-07-06 23:38:56
Url: ok/teste
Task Time: 0.00036907196044922
Process Time: 0.00066304206848145
--------------------------------------
IP: ::1
Date: 2023-07-06 23:38:58
Url: ok/teste?dsad
Task Time: 0.00039196014404297
Process Time: 0.00082707405090332
--------------------------------------
IP: ::1
Date: 2023-07-06 23:39:20
Url: ok/teste?teste=teste
Task Time: 0.00055694580078125
Process Time: 0.00085186958312988
--------------------------------------
IP: ::1
Date: 2023-07-06 23:39:26
Url: ok/teste?teste=teste
Task Time: 0.00027322769165039
Process Time: 0.00076913833618164
--------------------------------------
